<?xml version="1.0" encoding="UTF-8"?>
<testng-results ignored="0" total="1" passed="1" failed="0" skipped="0">
  <reporter-output>
  </reporter-output>
  <suite started-at="2025-08-18T22:42:40 IST" name="Default suite" finished-at="2025-08-18T22:42:46 IST" duration-ms="6184">
    <groups>
    </groups>
    <test started-at="2025-08-18T22:42:40 IST" name="Default test" finished-at="2025-08-18T22:42:46 IST" duration-ms="6184">
      <class name="tests.api.CartTest">
        <test-method is-config="true" signature="setupAPI()[pri:0, instance:tests.api.CartTest@6ad82709]" started-at="2025-08-18T22:42:40 IST" name="setupAPI" finished-at="2025-08-18T22:42:41 IST" duration-ms="719" status="PASS">
          <reporter-output>
          </reporter-output>
        </test-method> <!-- setupAPI -->
        <test-method signature="addToCartWithGenAI()[pri:0, instance:tests.api.CartTest@6ad82709]" started-at="2025-08-18T22:42:41 IST" name="addToCartWithGenAI" finished-at="2025-08-18T22:42:46 IST" duration-ms="5417" status="PASS">
          <reporter-output>
          </reporter-output>
        </test-method> <!-- addToCartWithGenAI -->
      </class> <!-- tests.api.CartTest -->
    </test> <!-- Default test -->
  </suite> <!-- Default suite -->
</testng-results>
